<?xml version="1.0" encoding="UTF-8"?>
<!-- Generated by org.testng.reporters.JUnitReportReporter -->
<testsuite skipped="0" hostname="DEV_TEST_MUNI" name="com.INetBankingTestCases.TC_LoginTest_001" tests="1" failures="0" timestamp="17 Dec 2018 04:56:19 GMT" time="5.218" errors="0">
  <testcase name="Login" time="5.218" classname="com.INetBankingTestCases.TC_LoginTest_001"/>
</testsuite> <!-- com.INetBankingTestCases.TC_LoginTest_001 -->
